<?xml version="1.0" encoding="UTF-8"?>
<testsuites name="New Test Suite" time="81.317" tests="1" failures="0" errors="0">
   <testsuite name="New Test Suite" tests="1" failures="0" errors="0" time="81.317" skipped="0" timestamp="2023-07-12 00:57:11" hostname="lenovo - DESKTOP-FS73FSD" id="Test Suites/New Test Suite">
      <properties>
[...]
</properties>
      <testcase name="Test Cases/New Test Case" time="80.767" classname="Test Cases/New Test Case" status="PASSED">
         <system-out><![CDATA[2023-07-12 00:57:12 - [TEST_CASE][PASSED] - Test Cases/New Test Case: Test Cases/New Test Case

2023-07-12 00:57:12 - [TEST_STEP][PASSED] - openBrowser("https://www.google.com"): Browser is opened with url: 'https://www.google.com'

2023-07-12 00:57:13 - [MESSAGE][INFO] - User set preference: ['os', 'windows']

2023-07-12 00:57:13 - [MESSAGE][INFO] - User set preference: ['browserName', 'chrome']

2023-07-12 00:57:13 - [MESSAGE][INFO] - User set preference: ['browserVersion', '110']

2023-07-12 00:57:13 - [MESSAGE][INFO] - User set preference: ['katalon:option', '{organizationId=1211632, tunnelId=, usingTunnel=false}']

2023-07-12 00:57:13 - [MESSAGE][INFO] - Connecting to remote web server 'testcloud.katalon.com/hub' with type 'Selenium'

2023-07-12 00:57:14 - [MESSAGE][INFO] - Action delay is set to 0 milliseconds

2023-07-12 00:58:28 - [MESSAGE][PASSED] - Browser is opened with url: 'https://www.google.com'

2023-07-12 00:58:28 - [TEST_STEP][PASSED] - closeBrowser(): Browser is closed

2023-07-12 00:58:32 - [MESSAGE][PASSED] - Browser is closed]]></system-out>
         <system-err><![CDATA[]]></system-err>
      </testcase>
      <system-out><![CDATA[2023-07-12 00:57:11 - [TEST_SUITE][PASSED] - New Test Suite: Test Cases/New Test Case]]></system-out>
      <system-err><![CDATA[]]></system-err>
   </testsuite>
</testsuites>
